# JRE version: OpenJDK Runtime Environment (8.0_112-b06) (build 1.8.0_112-release-b06)
# Java VM: OpenJDK 64-Bit Server VM (25.112-b06 mixed mode windows-amd64 compressed oops)
Heap:
 PSYoungGen      total 250880K, used 72394K [0x00000000e0000000, 0x00000000f2c00000, 0x0000000100000000)
  eden space 211968K, 22% used [0x00000000e0000000,0x00000000e2ddab98,0x00000000ecf00000)
  from space 38912K, 65% used [0x00000000f0600000,0x00000000f1ed7f10,0x00000000f2c00000)
  to   space 47616K, 0% used [0x00000000ecf00000,0x00000000ecf00000,0x00000000efd80000)
 ParOldGen       total 155136K, used 61799K [0x00000000a0000000, 0x00000000a9780000, 0x00000000e0000000)
  object space 155136K, 39% used [0x00000000a0000000,0x00000000a3c59c88,0x00000000a9780000)
 Metaspace       used 73562K, capacity 79562K, committed 79704K, reserved 1118208K
  class space    used 9622K, capacity 10513K, committed 10624K, reserved 1048576K
GC Heap History (10 events):
Event: 4524.885 GC heap before
{Heap before GC invocations=27 (full 3):
 PSYoungGen      total 263680K, used 252789K [0x00000000e0000000, 0x00000000f4400000, 0x0000000100000000)
  eden space 223744K, 100% used [0x00000000e0000000,0x00000000eda80000,0x00000000eda80000)
  from space 39936K, 72% used [0x00000000eda80000,0x00000000ef6dd590,0x00000000f0180000)
  to   space 41984K, 0% used [0x00000000f1b00000,0x00000000f1b00000,0x00000000f4400000)
 ParOldGen       total 155136K, used 61759K [0x00000000a0000000, 0x00000000a9780000, 0x00000000e0000000)
  object space 155136K, 39% used [0x00000000a0000000,0x00000000a3c4fc88,0x00000000a9780000)
 Metaspace       used 71934K, capacity 76288K, committed 76504K, reserved 1116160K
  class space    used 9377K, capacity 10121K, committed 10240K, reserved 1048576K
Event: 4524.920 GC heap after
Heap after GC invocations=27 (full 3):
 PSYoungGen      total 284672K, used 29535K [0x00000000e0000000, 0x00000000f4380000, 0x0000000100000000)
  eden space 243200K, 0% used [0x00000000e0000000,0x00000000e0000000,0x00000000eed80000)
  from space 41472K, 71% used [0x00000000f1b00000,0x00000000f37d7f58,0x00000000f4380000)
  to   space 44032K, 0% used [0x00000000eed80000,0x00000000eed80000,0x00000000f1880000)
 ParOldGen       total 155136K, used 61767K [0x00000000a0000000, 0x00000000a9780000, 0x00000000e0000000)
  object space 155136K, 39% used [0x00000000a0000000,0x00000000a3c51c88,0x00000000a9780000)
 Metaspace       used 71934K, capacity 76288K, committed 76504K, reserved 1116160K
  class space    used 9377K, capacity 10121K, committed 10240K, reserved 1048576K
}
Event: 6501.203 GC heap before
{Heap before GC invocations=28 (full 3):
 PSYoungGen      total 284672K, used 272657K [0x00000000e0000000, 0x00000000f4380000, 0x0000000100000000)
  eden space 243200K, 99% used [0x00000000e0000000,0x00000000eed6c520,0x00000000eed80000)
  from space 41472K, 71% used [0x00000000f1b00000,0x00000000f37d7f58,0x00000000f4380000)
  to   space 44032K, 0% used [0x00000000eed80000,0x00000000eed80000,0x00000000f1880000)
 ParOldGen       total 155136K, used 61767K [0x00000000a0000000, 0x00000000a9780000, 0x00000000e0000000)
  object space 155136K, 39% used [0x00000000a0000000,0x00000000a3c51c88,0x00000000a9780000)
 Metaspace       used 72139K, capacity 76632K, committed 76760K, reserved 1116160K
  class space    used 9386K, capacity 10129K, committed 10240K, reserved 1048576K
Event: 6501.331 GC heap after
Heap after GC invocations=28 (full 3):
 PSYoungGen      total 265728K, used 30579K [0x00000000e0000000, 0x00000000f3f80000, 0x0000000100000000)
  eden space 235008K, 0% used [0x00000000e0000000,0x00000000e0000000,0x00000000ee580000)
  from space 30720K, 99% used [0x00000000eed80000,0x00000000f0b5ce20,0x00000000f0b80000)
  to   space 46080K, 0% used [0x00000000f1280000,0x00000000f1280000,0x00000000f3f80000)
 ParOldGen       total 155136K, used 61775K [0x00000000a0000000, 0x00000000a9780000, 0x00000000e0000000)
  object space 155136K, 39% used [0x00000000a0000000,0x00000000a3c53c88,0x00000000a9780000)
 Metaspace       used 72139K, capacity 76632K, committed 76760K, reserved 1116160K
  class space    used 9386K, capacity 10129K, committed 10240K, reserved 1048576K
}
Event: 15101.796 GC heap before
{Heap before GC invocations=29 (full 3):
 PSYoungGen      total 265728K, used 265587K [0x00000000e0000000, 0x00000000f3f80000, 0x0000000100000000)
  eden space 235008K, 100% used [0x00000000e0000000,0x00000000ee580000,0x00000000ee580000)
  from space 30720K, 99% used [0x00000000eed80000,0x00000000f0b5ce20,0x00000000f0b80000)
  to   space 46080K, 0% used [0x00000000f1280000,0x00000000f1280000,0x00000000f3f80000)
 ParOldGen       total 155136K, used 61775K [0x00000000a0000000, 0x00000000a9780000, 0x00000000e0000000)
  object space 155136K, 39% used [0x00000000a0000000,0x00000000a3c53c88,0x00000000a9780000)
 Metaspace       used 72345K, capacity 76864K, committed 77016K, reserved 1116160K
  class space    used 9395K, capacity 10139K, committed 10240K, reserved 1048576K
Event: 15102.584 GC heap after
Heap after GC invocations=29 (full 3):
 PSYoungGen      total 272896K, used 39121K [0x00000000e0000000, 0x00000000f4080000, 0x0000000100000000)
  eden space 226816K, 0% used [0x00000000e0000000,0x00000000e0000000,0x00000000edd80000)
  from space 46080K, 84% used [0x00000000f1280000,0x00000000f38b4668,0x00000000f3f80000)
  to   space 50688K, 0% used [0x00000000edd80000,0x00000000edd80000,0x00000000f0f00000)
 ParOldGen       total 155136K, used 61783K [0x00000000a0000000, 0x00000000a9780000, 0x00000000e0000000)
  object space 155136K, 39% used [0x00000000a0000000,0x00000000a3c55c88,0x00000000a9780000)
 Metaspace       used 72345K, capacity 76864K, committed 77016K, reserved 1116160K
  class space    used 9395K, capacity 10139K, committed 10240K, reserved 1048576K
}
Event: 16228.919 GC heap before
{Heap before GC invocations=30 (full 3):
 PSYoungGen      total 272896K, used 265931K [0x00000000e0000000, 0x00000000f4080000, 0x0000000100000000)
  eden space 226816K, 99% used [0x00000000e0000000,0x00000000edd7e7f8,0x00000000edd80000)
  from space 46080K, 84% used [0x00000000f1280000,0x00000000f38b4668,0x00000000f3f80000)
  to   space 50688K, 0% used [0x00000000edd80000,0x00000000edd80000,0x00000000f0f00000)
 ParOldGen       total 155136K, used 61783K [0x00000000a0000000, 0x00000000a9780000, 0x00000000e0000000)
  object space 155136K, 39% used [0x00000000a0000000,0x00000000a3c55c88,0x00000000a9780000)
 Metaspace       used 72617K, capacity 77442K, committed 77528K, reserved 1116160K
  class space    used 9433K, capacity 10190K, committed 10240K, reserved 1048576K
Event: 16229.020 GC heap after
Heap after GC invocations=30 (full 3):
 PSYoungGen      total 245248K, used 25679K [0x00000000e0000000, 0x00000000f3600000, 0x0000000100000000)
  eden space 219136K, 0% used [0x00000000e0000000,0x00000000e0000000,0x00000000ed600000)
  from space 26112K, 98% used [0x00000000edd80000,0x00000000ef693d90,0x00000000ef700000)
  to   space 49152K, 0% used [0x00000000f0600000,0x00000000f0600000,0x00000000f3600000)
 ParOldGen       total 155136K, used 61791K [0x00000000a0000000, 0x00000000a9780000, 0x00000000e0000000)
  object space 155136K, 39% used [0x00000000a0000000,0x00000000a3c57c88,0x00000000a9780000)
 Metaspace       used 72617K, capacity 77442K, committed 77528K, reserved 1116160K
  class space    used 9433K, capacity 10190K, committed 10240K, reserved 1048576K
}
Event: 23622.569 GC heap before
{Heap before GC invocations=31 (full 3):
 PSYoungGen      total 245248K, used 244815K [0x00000000e0000000, 0x00000000f3600000, 0x0000000100000000)
  eden space 219136K, 100% used [0x00000000e0000000,0x00000000ed600000,0x00000000ed600000)
  from space 26112K, 98% used [0x00000000edd80000,0x00000000ef693d90,0x00000000ef700000)
  to   space 49152K, 0% used [0x00000000f0600000,0x00000000f0600000,0x00000000f3600000)
 ParOldGen       total 155136K, used 61791K [0x00000000a0000000, 0x00000000a9780000, 0x00000000e0000000)
  object space 155136K, 39% used [0x00000000a0000000,0x00000000a3c57c88,0x00000000a9780000)
 Metaspace       used 73467K, capacity 79348K, committed 79576K, reserved 1118208K
  class space    used 9600K, capacity 10489K, committed 10496K, reserved 1048576K
Event: 23623.444 GC heap after
Heap after GC invocations=31 (full 3):
 PSYoungGen      total 250880K, used 25439K [0x00000000e0000000, 0x00000000f2c00000, 0x0000000100000000)
  eden space 211968K, 0% used [0x00000000e0000000,0x00000000e0000000,0x00000000ecf00000)
  from space 38912K, 65% used [0x00000000f0600000,0x00000000f1ed7f10,0x00000000f2c00000)
  to   space 47616K, 0% used [0x00000000ecf00000,0x00000000ecf00000,0x00000000efd80000)
 ParOldGen       total 155136K, used 61799K [0x00000000a0000000, 0x00000000a9780000, 0x00000000e0000000)
  object space 155136K, 39% used [0x00000000a0000000,0x00000000a3c59c88,0x00000000a9780000)
 Metaspace       used 73467K, capacity 79348K, committed 79576K, reserved 1118208K
  class space    used 9600K, capacity 10489K, committed 10496K, reserved 1048576K
}

